<?xml version="1.0" encoding="UTF-8"?>
<!-- Generated by org.testng.reporters.JUnitReportReporter -->
<testsuite hostname="TYSS-Praveen" failures="0" tests="1" name="com.qa.nobero.junk.launchURLTest" time="23.699" errors="0" timestamp="2023-04-11T18:41:17 IST" skipped="0">
  <testcase classname="com.qa.nobero.junk.launchURLTest" name="launchBrowser" time="23.699"/>
  <system-out/>
</testsuite> <!-- com.qa.nobero.junk.launchURLTest -->
