<?xml version="1.0" encoding="UTF-8"?>
<!-- Generated by org.testng.reporters.JUnitReportReporter -->
<testsuite hostname="TYSS-Praveen" failures="0" tests="2" name="com.qa.nobero.junk.launchURLTest" time="0.000" errors="0" timestamp="2023-05-03T21:28:19 IST" skipped="2">
  <testcase classname="com.qa.nobero.junk.launchURLTest" name="fetchVariantID" time="0.000">
    <skipped/>
  </testcase> <!-- fetchVariantID -->
  <system-out/>
  <testcase classname="com.qa.nobero.junk.launchURLTest" name="launchBrowser">
    <skipped/>
  </testcase> <!-- launchBrowser -->
  <system-out/>
</testsuite> <!-- com.qa.nobero.junk.launchURLTest -->
