<?xml version="1.0" encoding="UTF-8"?>
<!-- Generated by org.testng.reporters.JUnitReportReporter -->
<testsuite hostname="TYSS-Praveen" failures="0" tests="14" name="com.qa.nobero.searchTest.SearchTest" time="0.001" errors="0" timestamp="2023-05-03T21:28:19 IST" skipped="14">
  <testcase classname="com.qa.nobero.searchTest.SearchTest" name="ToVerifyNotifyMeWhenAvailableAfterValidSearchTest" time="0.000">
    <skipped/>
  </testcase> <!-- ToVerifyNotifyMeWhenAvailableAfterValidSearchTest -->
  <system-out/>
  <testcase classname="com.qa.nobero.searchTest.SearchTest" name="ToVerifySortByNewArrivalIsEnabledAfterValidSearchTest" time="0.000">
    <skipped/>
  </testcase> <!-- ToVerifySortByNewArrivalIsEnabledAfterValidSearchTest -->
  <system-out/>
  <testcase classname="com.qa.nobero.searchTest.SearchTest" name="ToVerifyThatPLPIsDisplayedAfterValidSearchTest" time="0.000">
    <skipped/>
  </testcase> <!-- ToVerifyThatPLPIsDisplayedAfterValidSearchTest -->
  <system-out/>
  <testcase classname="com.qa.nobero.searchTest.SearchTest" name="ToVerifySortByPriceHighToLowIsEnabledAfterValidSearchTest" time="0.000">
    <skipped/>
  </testcase> <!-- ToVerifySortByPriceHighToLowIsEnabledAfterValidSearchTest -->
  <system-out/>
  <testcase classname="com.qa.nobero.searchTest.SearchTest" name="ToVerifyThatPDPIsDisplayedAfterValidSearchTest" time="0.000">
    <skipped/>
  </testcase> <!-- ToVerifyThatPDPIsDisplayedAfterValidSearchTest -->
  <system-out/>
  <testcase classname="com.qa.nobero.searchTest.SearchTest" name="ToVerifyApplyFilterSizeIsEnabledAfterValidSearchTest" time="0.000">
    <skipped/>
  </testcase> <!-- ToVerifyApplyFilterSizeIsEnabledAfterValidSearchTest -->
  <system-out/>
  <testcase classname="com.qa.nobero.searchTest.SearchTest" name="ToVerifySizeGuideAfterValidSearchTest" time="0.000">
    <skipped/>
  </testcase> <!-- ToVerifySizeGuideAfterValidSearchTest -->
  <system-out/>
  <testcase classname="com.qa.nobero.searchTest.SearchTest" name="ToVerifySortByFeaturedIsEnabledAfterValidSearchTest" time="0.000">
    <skipped/>
  </testcase> <!-- ToVerifySortByFeaturedIsEnabledAfterValidSearchTest -->
  <system-out/>
  <testcase classname="com.qa.nobero.searchTest.SearchTest" name="ToVerifyApplyFilterColorAfterValidSearchTest" time="0.000">
    <skipped/>
  </testcase> <!-- ToVerifyApplyFilterColorAfterValidSearchTest -->
  <system-out/>
  <testcase classname="com.qa.nobero.searchTest.SearchTest" name="ToVerifyApplyFilterAvailabilityInStockIsEnabledAfterValidSearchTest" time="0.000">
    <skipped/>
  </testcase> <!-- ToVerifyApplyFilterAvailabilityInStockIsEnabledAfterValidSearchTest -->
  <system-out/>
  <testcase classname="com.qa.nobero.searchTest.SearchTest" name="ToVerifyApplyFilterAvailabilityOutOfStockIsEnabledAfterValidSearchTest" time="0.000">
    <skipped/>
  </testcase> <!-- ToVerifyApplyFilterAvailabilityOutOfStockIsEnabledAfterValidSearchTest -->
  <system-out/>
  <testcase classname="com.qa.nobero.searchTest.SearchTest" name="ToVerifyThatProductIsMovedToCartAfterValidSearchTest" time="0.000">
    <skipped/>
  </testcase> <!-- ToVerifyThatProductIsMovedToCartAfterValidSearchTest -->
  <system-out/>
  <testcase classname="com.qa.nobero.searchTest.SearchTest" name="ToVerifySortByPriceLowToHighIsEnabledAfterValidSearchTest" time="0.001">
    <skipped/>
  </testcase> <!-- ToVerifySortByPriceLowToHighIsEnabledAfterValidSearchTest -->
  <system-out/>
  <testcase classname="com.qa.nobero.searchTest.SearchTest" name="ToVerifyApplyFilterPriceAfterValidSearchTest" time="0.000">
    <skipped/>
  </testcase> <!-- ToVerifyApplyFilterPriceAfterValidSearchTest -->
  <system-out/>
</testsuite> <!-- com.qa.nobero.searchTest.SearchTest -->
