<?xml version="1.0" encoding="UTF-8"?>
<!-- Generated by org.testng.reporters.JUnitReportReporter -->
<testsuite hostname="TYSS-Praveen" failures="0" tests="1" name="com.qa.nobero.cartTest.cartTest" time="19.067" errors="0" timestamp="2023-04-13T13:47:34 IST" skipped="0">
  <testcase classname="com.qa.nobero.cartTest.cartTest" name="ToVerifyProductIsAddedToCartTest" time="19.067"/>
  <system-out/>
</testsuite> <!-- com.qa.nobero.cartTest.cartTest -->
