<?xml version="1.0" encoding="UTF-8"?>
<!-- Generated by org.testng.reporters.JUnitReportReporter -->
<testsuite hostname="TYSS-Praveen" failures="0" tests="15" name="com.qa.nobero.searchTest.SearchTest" time="21.214" errors="1" timestamp="2023-05-04T10:37:53 IST" skipped="14">
  <testcase classname="com.qa.nobero.searchTest.SearchTest" name="ToVerifyApplyFilterPriceAfterValidSearchTest" time="0.000">
    <skipped/>
  </testcase> <!-- ToVerifyApplyFilterPriceAfterValidSearchTest -->
  <system-out/>
  <testcase classname="com.qa.nobero.searchTest.SearchTest" name="ToVerifyThatPDPIsDisplayedAfterValidSearchTest" time="0.000">
    <skipped/>
  </testcase> <!-- ToVerifyThatPDPIsDisplayedAfterValidSearchTest -->
  <system-out/>
  <testcase classname="com.qa.nobero.searchTest.SearchTest" name="startserver" time="21.214">
    <error message="The local appium server has not been started. The given Node.js executable: C:\Program Files\nodejs\node.exe Arguments: [C:\Users\Praveen B\AppData\Roaming\npm\node_modules\appium\build\lib\main.js, --port, 4723, --address, 0.0.0.0] 
Process output: [35m[Appium][39m Welcome to Appium v2.0.0-beta.62
[35m[Appium][39m Attempting to load driver uiautomator2...
[debug] [35m[Appium][39m Requiring driver at C:\Users\Praveen B\.appium\node_modules\appium-uiautomator2-driver
[38;5;0m[HTTP][0m Could not start REST http interface listener. The requested port may already be in use. Please make sure there is no other instance of this server running already.
[35m[Appium][39m Could not configure Appium server. It&#039;s possible that a driver or plugin tried to update the server and failed. Original error: listen EADDRINUSE: address already in use 0.0.0.0:4723
[debug] [35m[Appium][39m Error: listen EADDRINUSE: address already in use 0.0.0.0:4723
[debug] [35m[Appium][39m     at Server.setupListenHandle [as _listen2] (node:net:1740:16)
[debug] [35m[Appium][39m     at listenInCluster (node:net:1788:12)
[debug] [35m[Appium][39m     at doListen (node:net:1937:7)
[debug] [35m[Appium][39m     at processTicksAndRejections (node:internal/process/task_queues:83:21)

" type="io.appium.java_client.service.local.AppiumServerHasNotBeenStartedLocallyException">
      <![CDATA[io.appium.java_client.service.local.AppiumServerHasNotBeenStartedLocallyException: The local appium server has not been started. The given Node.js executable: C:\Program Files\nodejs\node.exe Arguments: [C:\Users\Praveen B\AppData\Roaming\npm\node_modules\appium\build\lib\main.js, --port, 4723, --address, 0.0.0.0] 
Process output: [35m[Appium][39m Welcome to Appium v2.0.0-beta.62
[35m[Appium][39m Attempting to load driver uiautomator2...
[debug] [35m[Appium][39m Requiring driver at C:\Users\Praveen B\.appium\node_modules\appium-uiautomator2-driver
[38;5;0m[HTTP][0m Could not start REST http interface listener. The requested port may already be in use. Please make sure there is no other instance of this server running already.
[35m[Appium][39m Could not configure Appium server. It's possible that a driver or plugin tried to update the server and failed. Original error: listen EADDRINUSE: address already in use 0.0.0.0:4723
[debug] [35m[Appium][39m Error: listen EADDRINUSE: address already in use 0.0.0.0:4723
[debug] [35m[Appium][39m     at Server.setupListenHandle [as _listen2] (node:net:1740:16)
[debug] [35m[Appium][39m     at listenInCluster (node:net:1788:12)
[debug] [35m[Appium][39m     at doListen (node:net:1937:7)
[debug] [35m[Appium][39m     at processTicksAndRejections (node:internal/process/task_queues:83:21)


at io.appium.java_client.service.local.AppiumDriverLocalService.start(AppiumDriverLocalService.java:187)
at com.qa.nobero.genericutility.BaseClass.startserver(BaseClass.java:43)
at java.base/jdk.internal.reflect.NativeMethodAccessorImpl.invoke0(Native Method)
at java.base/jdk.internal.reflect.NativeMethodAccessorImpl.invoke(NativeMethodAccessorImpl.java:77)
at java.base/jdk.internal.reflect.DelegatingMethodAccessorImpl.invoke(DelegatingMethodAccessorImpl.java:43)
at java.base/java.lang.reflect.Method.invoke(Method.java:568)
at org.testng.internal.invokers.MethodInvocationHelper.invokeMethod(MethodInvocationHelper.java:139)
at org.testng.internal.invokers.MethodInvocationHelper.invokeMethodConsideringTimeout(MethodInvocationHelper.java:69)
at org.testng.internal.invokers.ConfigInvoker.invokeConfigurationMethod(ConfigInvoker.java:361)
at org.testng.internal.invokers.ConfigInvoker.invokeConfigurations(ConfigInvoker.java:296)
at org.testng.SuiteRunner.privateRun(SuiteRunner.java:376)
at org.testng.SuiteRunner.run(SuiteRunner.java:330)
at org.testng.SuiteRunnerWorker.runSuite(SuiteRunnerWorker.java:52)
at org.testng.SuiteRunnerWorker.run(SuiteRunnerWorker.java:95)
at org.testng.TestNG.runSuitesSequentially(TestNG.java:1256)
at org.testng.TestNG.runSuitesLocally(TestNG.java:1176)
at org.testng.TestNG.runSuites(TestNG.java:1099)
at org.testng.TestNG.run(TestNG.java:1067)
at org.testng.remote.AbstractRemoteTestNG.run(AbstractRemoteTestNG.java:115)
at org.testng.remote.RemoteTestNG.initAndRun(RemoteTestNG.java:251)
at org.testng.remote.RemoteTestNG.main(RemoteTestNG.java:77)
Caused by: org.openqa.selenium.net.UrlChecker$TimeoutException: Timed out waiting for [http://127.0.0.1:4723/status] to be available after 20011 ms
at org.openqa.selenium.net.UrlChecker.waitUntilAvailable(UrlChecker.java:89)
at io.appium.java_client.service.local.AppiumDriverLocalService.ping(AppiumDriverLocalService.java:152)
at io.appium.java_client.service.local.AppiumDriverLocalService.start(AppiumDriverLocalService.java:174)
... 20 more
Caused by: java.util.concurrent.TimeoutException
at java.base/java.util.concurrent.FutureTask.get(FutureTask.java:204)
at org.openqa.selenium.net.UrlChecker.waitUntilAvailable(UrlChecker.java:87)
... 22 more
]]>
    </error>
  </testcase> <!-- startserver -->
  <system-out/>
  <testcase classname="com.qa.nobero.searchTest.SearchTest" name="ToVerifyApplyFilterAvailabilityOutOfStockIsEnabledAfterValidSearchTest" time="0.000">
    <skipped/>
  </testcase> <!-- ToVerifyApplyFilterAvailabilityOutOfStockIsEnabledAfterValidSearchTest -->
  <system-out/>
  <testcase classname="com.qa.nobero.searchTest.SearchTest" name="ToVerifySortByPriceLowToHighIsEnabledAfterValidSearchTest" time="0.000">
    <skipped/>
  </testcase> <!-- ToVerifySortByPriceLowToHighIsEnabledAfterValidSearchTest -->
  <system-out/>
  <testcase classname="com.qa.nobero.searchTest.SearchTest" name="ToVerifyApplyFilterSizeIsEnabledAfterValidSearchTest" time="0.000">
    <skipped/>
  </testcase> <!-- ToVerifyApplyFilterSizeIsEnabledAfterValidSearchTest -->
  <system-out/>
  <testcase classname="com.qa.nobero.searchTest.SearchTest" name="ToVerifyThatProductIsMovedToCartAfterValidSearchTest" time="0.000">
    <skipped/>
  </testcase> <!-- ToVerifyThatProductIsMovedToCartAfterValidSearchTest -->
  <system-out/>
  <testcase classname="com.qa.nobero.searchTest.SearchTest" name="ToVerifySortByNewArrivalIsEnabledAfterValidSearchTest" time="0.000">
    <skipped/>
  </testcase> <!-- ToVerifySortByNewArrivalIsEnabledAfterValidSearchTest -->
  <system-out/>
  <testcase classname="com.qa.nobero.searchTest.SearchTest" name="ToVerifyApplyFilterAvailabilityInStockIsEnabledAfterValidSearchTest" time="0.000">
    <skipped/>
  </testcase> <!-- ToVerifyApplyFilterAvailabilityInStockIsEnabledAfterValidSearchTest -->
  <system-out/>
  <testcase classname="com.qa.nobero.searchTest.SearchTest" name="ToVerifySortByFeaturedIsEnabledAfterValidSearchTest" time="0.000">
    <skipped/>
  </testcase> <!-- ToVerifySortByFeaturedIsEnabledAfterValidSearchTest -->
  <system-out/>
  <testcase classname="com.qa.nobero.searchTest.SearchTest" name="ToVerifyNotifyMeWhenAvailableAfterValidSearchTest" time="0.000">
    <skipped/>
  </testcase> <!-- ToVerifyNotifyMeWhenAvailableAfterValidSearchTest -->
  <system-out/>
  <testcase classname="com.qa.nobero.searchTest.SearchTest" name="ToVerifyApplyFilterColorAfterValidSearchTest" time="0.000">
    <skipped/>
  </testcase> <!-- ToVerifyApplyFilterColorAfterValidSearchTest -->
  <system-out/>
  <testcase classname="com.qa.nobero.searchTest.SearchTest" name="ToVerifySizeGuideAfterValidSearchTest" time="0.000">
    <skipped/>
  </testcase> <!-- ToVerifySizeGuideAfterValidSearchTest -->
  <system-out/>
  <testcase classname="com.qa.nobero.searchTest.SearchTest" name="ToVerifySortByPriceHighToLowIsEnabledAfterValidSearchTest" time="0.000">
    <skipped/>
  </testcase> <!-- ToVerifySortByPriceHighToLowIsEnabledAfterValidSearchTest -->
  <system-out/>
  <testcase classname="com.qa.nobero.searchTest.SearchTest" name="ToVerifyThatPLPIsDisplayedAfterValidSearchTest" time="0.000">
    <skipped/>
  </testcase> <!-- ToVerifyThatPLPIsDisplayedAfterValidSearchTest -->
  <system-out/>
</testsuite> <!-- com.qa.nobero.searchTest.SearchTest -->
