<?xml version="1.0" encoding="UTF-8"?>
<!-- Generated by org.testng.reporters.JUnitReportReporter -->
<testsuite hostname="TYSS-Praveen" failures="0" tests="1" name="com.qa.nobero.junk.launchURLTest" time="24.048" errors="0" timestamp="2023-04-12T15:53:25 IST" skipped="0">
  <testcase classname="com.qa.nobero.junk.launchURLTest" name="launchBrowser" time="24.048"/>
  <system-out/>
</testsuite> <!-- com.qa.nobero.junk.launchURLTest -->
