<?xml version="1.0" encoding="UTF-8"?>
<!-- Generated by org.testng.reporters.JUnitReportReporter -->
<testsuite hostname="TYSS-Praveen" failures="0" tests="4" name="com.qa.nobero.cartTest.cartTest" time="20.138" errors="0" timestamp="10 May 2023 15:54:43 GMT" skipped="3">
  <testcase classname="com.qa.nobero.cartTest.cartTest" name="ToVerifyThatProductRemoveFeatureIsEnabledInCartPage" time="20.138"/>
  <testcase classname="com.qa.nobero.cartTest.cartTest" name="ToVerifyProductIsAddedToCartTest">
    <skipped/>
  </testcase> <!-- ToVerifyProductIsAddedToCartTest -->
  <testcase classname="com.qa.nobero.cartTest.cartTest" name="ToVerifyApplyFilterforPriceTest">
    <skipped/>
  </testcase> <!-- ToVerifyApplyFilterforPriceTest -->
  <testcase classname="com.qa.nobero.cartTest.cartTest" name="ToVerifyProductIsAddedToCartAfterSearchTest">
    <skipped/>
  </testcase> <!-- ToVerifyProductIsAddedToCartAfterSearchTest -->
</testsuite> <!-- com.qa.nobero.cartTest.cartTest -->
